<?xml version="1.0" encoding="UTF-8"?>
<!-- Generated by org.testng.reporters.JUnitReportReporter -->
<testsuite hostname="Balaji-Kathirwals-MacBook-Pro.local" failures="0" tests="7" name="winspect.com.Winspect_Desktop" time="40.366" errors="0" timestamp="2025-02-24T16:00:17 IST" skipped="0">
  <testcase classname="winspect.com.Winspect_Desktop" name="company_Key" time="14.425"/>
  <system-out/>
  <testcase classname="winspect.com.Winspect_Desktop" name="userName" time="1.352"/>
  <system-out/>
  <testcase classname="winspect.com.Winspect_Desktop" name="password" time="1.626"/>
  <system-out/>
  <testcase classname="winspect.com.Winspect_Desktop" name="signIn" time="1.215"/>
  <system-out/>
  <testcase classname="winspect.com.Winspect_Desktop" name="orderCard" time="14.440"/>
  <system-out/>
  <testcase classname="winspect.com.Winspect_Desktop" name="agreementPopup" time="5.791"/>
  <system-out/>
  <testcase classname="winspect.com.Winspect_Desktop" name="continueInsoection" time="1.517"/>
  <system-out/>
</testsuite> <!-- winspect.com.Winspect_Desktop -->
